"time":"2026-02-04T01:44:03.809Z","logId":76,"msg":"JOB_START"
"time":"2026-02-04T01:44:03.880Z","logId":76,"phone":"84918889900","deviceId":"651f20c5-fd59-4be9-8e7b-23bdd45debd5","err":"AggregateError","msg":"REGISTER_EXCEPTION"
"time":"2026-02-04T01:44:03.898Z","logId":76,"phone":"84919990019","deviceId":"116cdd1f-4b96-47eb-924e-d002c593691f","err":"AggregateError","msg":"REGISTER_EXCEPTION"
"time":"2026-02-04T01:44:03.914Z","logId":76,"phone":"8461493196","deviceId":"93c78e0d-8bc8-4d38-af1a-9295ba32c086","err":"AggregateError","msg":"REGISTER_EXCEPTION"
"time":"2026-02-04T01:44:03.939Z","logId":76,"phone":"84919990078","msg":"login exception"
"time":"2026-02-04T01:44:03.955Z","logId":76,"phone":"84919990077","msg":"login exception"
"time":"2026-02-04T01:44:03.968Z","logId":76,"phone":"84919990055","msg":"login exception"
"time":"2026-02-04T01:44:03.982Z","logId":76,"phone":"84919990022","msg":"login exception"
"time":"2026-02-04T01:44:03.993Z","logId":76,"phone":"84919990021","msg":"login exception"
"time":"2026-02-04T01:44:04.008Z","logId":76,"phone":"84919990020","msg":"login exception"
"time":"2026-02-04T01:44:04.020Z","logId":76,"phone":"84919990019","msg":"login exception"
"time":"2026-02-04T01:44:04.033Z","logId":76,"phone":"84919990017","msg":"login exception"
"time":"2026-02-04T01:44:04.044Z","logId":76,"phone":"84919990016","msg":"login exception"
"time":"2026-02-04T01:44:04.055Z","logId":76,"phone":"84919990015","msg":"login exception"
"time":"2026-02-04T01:44:04.068Z","logId":76,"phone":"84919990014","msg":"login exception"
"time":"2026-02-04T01:44:04.081Z","logId":76,"phone":"84919990012","msg":"login exception"
"time":"2026-02-04T01:44:04.093Z","logId":76,"phone":"84919990011","msg":"login exception"
"time":"2026-02-04T01:44:04.105Z","logId":76,"phone":"84918889900","msg":"login exception"
"time":"2026-02-04T01:44:04.118Z","logId":76,"phone":"84909990011","msg":"login exception"
"time":"2026-02-04T01:44:04.133Z","logId":76,"phone":"84908889900","msg":"login exception"
"time":"2026-02-04T01:44:04.144Z","logId":76,"phone":"84901112233","msg":"login exception"
"time":"2026-02-04T01:44:04.156Z","logId":76,"phone":"84909876543","msg":"login exception"
"time":"2026-02-04T01:44:04.168Z","logId":76,"phone":"84923456789","msg":"login exception"
"time":"2026-02-04T01:44:04.181Z","logId":76,"phone":"84945678901","msg":"login exception"
"time":"2026-02-04T01:44:04.194Z","logId":76,"phone":"84912345678","msg":"login exception"
"time":"2026-02-04T01:44:04.206Z","logId":76,"phone":"84987654321","msg":"login exception"
"time":"2026-02-04T01:44:04.217Z","logId":76,"phone":"84901234567","msg":"login exception"
"time":"2026-02-04T01:44:04.226Z","logId":76,"msg":"JOB_DONE"
"time":"2026-02-04T01:45:04.242Z","logId":76,"msg":"JOB_START"
"time":"2026-02-04T01:45:04.259Z","logId":76,"phone":"84918889900","deviceId":"b4a78401-dcce-4180-85ca-8e7a1b6f4201","err":"AggregateError","msg":"REGISTER_EXCEPTION"
"time":"2026-02-04T01:45:04.271Z","logId":76,"phone":"84919990019","deviceId":"65671d6e-238d-4fa0-9dfb-63f6dcfdebda","err":"AggregateError","msg":"REGISTER_EXCEPTION"
"time":"2026-02-04T01:45:04.283Z","logId":76,"phone":"8461493196","deviceId":"f10ada49-1714-4aef-a18d-04b01676033a","err":"AggregateError","msg":"REGISTER_EXCEPTION"
"time":"2026-02-04T01:45:04.290Z","logId":76,"phone":"84919990078","msg":"login exception"
"time":"2026-02-04T01:45:04.302Z","logId":76,"phone":"84919990077","msg":"login exception"
"time":"2026-02-04T01:45:04.313Z","logId":76,"phone":"84919990055","msg":"login exception"
"time":"2026-02-04T01:45:04.325Z","logId":76,"phone":"84919990022","msg":"login exception"
"time":"2026-02-04T01:45:04.336Z","logId":76,"phone":"84919990021","msg":"login exception"
"time":"2026-02-04T01:45:04.346Z","logId":76,"phone":"84919990020","msg":"login exception"
"time":"2026-02-04T01:45:04.357Z","logId":76,"phone":"84919990019","msg":"login exception"
"time":"2026-02-04T01:45:04.368Z","logId":76,"phone":"84919990017","msg":"login exception"
"time":"2026-02-04T01:45:04.378Z","logId":76,"phone":"84919990016","msg":"login exception"
"time":"2026-02-04T01:45:04.389Z","logId":76,"phone":"84919990015","msg":"login exception"
"time":"2026-02-04T01:45:04.400Z","logId":76,"phone":"84919990014","msg":"login exception"
"time":"2026-02-04T01:45:04.410Z","logId":76,"phone":"84919990012","msg":"login exception"
"time":"2026-02-04T01:45:04.421Z","logId":76,"phone":"84919990011","msg":"login exception"
"time":"2026-02-04T01:45:04.433Z","logId":76,"phone":"84918889900","msg":"login exception"
"time":"2026-02-04T01:45:04.447Z","logId":76,"phone":"84909990011","msg":"login exception"
"time":"2026-02-04T01:45:04.459Z","logId":76,"phone":"84908889900","msg":"login exception"
"time":"2026-02-04T01:45:04.470Z","logId":76,"phone":"84901112233","msg":"login exception"
"time":"2026-02-04T01:45:04.480Z","logId":76,"phone":"84909876543","msg":"login exception"
"time":"2026-02-04T01:45:04.491Z","logId":76,"phone":"84923456789","msg":"login exception"
"time":"2026-02-04T01:45:04.501Z","logId":76,"phone":"84945678901","msg":"login exception"
"time":"2026-02-04T01:45:04.514Z","logId":76,"phone":"84912345678","msg":"login exception"
"time":"2026-02-04T01:45:04.526Z","logId":76,"phone":"84987654321","msg":"login exception"
"time":"2026-02-04T01:45:04.537Z","logId":76,"phone":"84901234567","msg":"login exception"
"time":"2026-02-04T01:45:04.548Z","logId":76,"msg":"JOB_DONE"
"time":"2026-02-04T02:26:55.081Z","logId":76,"msg":"JOB_START"
"time":"2026-02-04T02:26:55.187Z","logId":76,"phone":"8461493196","deviceId":"bd2cda14-abcb-4a0b-a7c5-dd7ad79bf890","err":"The client is closed","msg":"REGISTER_EXCEPTION"
"time":"2026-02-04T02:26:55.205Z","logId":76,"phone":"84919990078","msg":"login failed"
"time":"2026-02-04T02:26:55.224Z","logId":76,"phone":"84919990077","msg":"login failed"
"time":"2026-02-04T02:26:55.240Z","logId":76,"phone":"84919990055","msg":"login failed"
"time":"2026-02-04T02:26:55.256Z","logId":76,"phone":"84919990022","msg":"login failed"
"time":"2026-02-04T02:26:55.271Z","logId":76,"phone":"84919990021","msg":"login failed"
"time":"2026-02-04T02:26:55.285Z","logId":76,"phone":"84919990020","msg":"login failed"
"time":"2026-02-04T02:26:55.301Z","logId":76,"phone":"84919990019","msg":"login failed"
"time":"2026-02-04T02:26:55.315Z","logId":76,"phone":"84919990017","msg":"login failed"
"time":"2026-02-04T02:26:55.330Z","logId":76,"phone":"84919990016","msg":"login failed"
"time":"2026-02-04T02:26:55.343Z","logId":76,"phone":"84919990015","msg":"login failed"
"time":"2026-02-04T02:26:55.357Z","logId":76,"phone":"84919990014","msg":"login failed"
"time":"2026-02-04T02:26:55.377Z","logId":76,"phone":"84919990012","msg":"login failed"
"time":"2026-02-04T02:26:55.391Z","logId":76,"phone":"84919990011","msg":"login failed"
"time":"2026-02-04T02:26:55.406Z","logId":76,"phone":"84918889900","msg":"login failed"
"time":"2026-02-04T02:26:55.419Z","logId":76,"phone":"84909990011","msg":"login failed"
"time":"2026-02-04T02:26:55.432Z","logId":76,"phone":"84908889900","msg":"login failed"
"time":"2026-02-04T02:26:55.445Z","logId":76,"phone":"84901112233","msg":"login failed"
"time":"2026-02-04T02:26:55.461Z","logId":76,"phone":"84909876543","msg":"login failed"
"time":"2026-02-04T02:26:55.475Z","logId":76,"phone":"84923456789","msg":"login failed"
"time":"2026-02-04T02:26:55.489Z","logId":76,"phone":"84945678901","msg":"login failed"
"time":"2026-02-04T02:26:55.502Z","logId":76,"phone":"84912345678","msg":"login failed"
"time":"2026-02-04T02:26:55.517Z","logId":76,"phone":"84987654321","msg":"login failed"
"time":"2026-02-04T02:26:55.533Z","logId":76,"phone":"84901234567","msg":"login failed"
"time":"2026-02-04T02:26:55.542Z","logId":76,"msg":"JOB_DONE"
"time":"2026-02-04T02:27:14.598Z","logId":76,"msg":"JOB_START"
"time":"2026-02-04T02:27:14.666Z","logId":76,"phone":"8461493196","deviceId":"c1f64eb7-5c79-4b21-98af-0bf1f2371d9b","err":"Số điện thoại đang trong phiên đăng ký ở thiết bị khác","msg":"REGISTER_FAIL"
"time":"2026-02-04T02:27:14.688Z","logId":76,"phone":"84919990078","msg":"login failed"
"time":"2026-02-04T02:27:14.711Z","logId":76,"phone":"84919990077","msg":"login failed"
"time":"2026-02-04T02:27:14.730Z","logId":76,"phone":"84919990055","msg":"login failed"
"time":"2026-02-04T02:27:14.745Z","logId":76,"phone":"84919990022","msg":"login failed"
"time":"2026-02-04T02:27:14.758Z","logId":76,"phone":"84919990021","msg":"login failed"
"time":"2026-02-04T02:27:14.773Z","logId":76,"phone":"84919990020","msg":"login failed"
"time":"2026-02-04T02:27:14.788Z","logId":76,"phone":"84919990019","msg":"login failed"
"time":"2026-02-04T02:27:14.803Z","logId":76,"phone":"84919990017","msg":"login failed"
"time":"2026-02-04T02:27:14.819Z","logId":76,"phone":"84919990016","msg":"login failed"
"time":"2026-02-04T02:27:14.836Z","logId":76,"phone":"84919990015","msg":"login failed"
"time":"2026-02-04T02:27:14.853Z","logId":76,"phone":"84919990014","msg":"login failed"
"time":"2026-02-04T02:27:14.872Z","logId":76,"phone":"84919990012","msg":"login failed"
"time":"2026-02-04T02:27:14.889Z","logId":76,"phone":"84919990011","msg":"login failed"
"time":"2026-02-04T02:27:14.904Z","logId":76,"phone":"84918889900","msg":"login failed"
"time":"2026-02-04T02:27:14.920Z","logId":76,"phone":"84909990011","msg":"login failed"
"time":"2026-02-04T02:27:14.933Z","logId":76,"phone":"84908889900","msg":"login failed"
"time":"2026-02-04T02:27:14.947Z","logId":76,"phone":"84901112233","msg":"login failed"
"time":"2026-02-04T02:27:14.960Z","logId":76,"phone":"84909876543","msg":"login failed"
"time":"2026-02-04T02:27:14.975Z","logId":76,"phone":"84923456789","msg":"login failed"
"time":"2026-02-04T02:27:14.990Z","logId":76,"phone":"84945678901","msg":"login failed"
"time":"2026-02-04T02:27:15.005Z","logId":76,"phone":"84912345678","msg":"login failed"
"time":"2026-02-04T02:27:15.018Z","logId":76,"phone":"84987654321","msg":"login failed"
"time":"2026-02-04T02:27:15.031Z","logId":76,"phone":"84901234567","msg":"login failed"
"time":"2026-02-04T02:27:15.042Z","logId":76,"msg":"JOB_DONE"
"time":"2026-02-04T02:27:55.558Z","logId":76,"msg":"JOB_START"
"time":"2026-02-04T02:27:55.589Z","logId":76,"phone":"8461493196","deviceId":"637b6489-f1e4-4a75-8051-8ff35c6eebe2","err":"Số điện thoại đang trong phiên đăng ký ở thiết bị khác","msg":"REGISTER_FAIL"
"time":"2026-02-04T02:27:55.602Z","logId":76,"phone":"84919990078","msg":"login failed"
"time":"2026-02-04T02:27:55.620Z","logId":76,"phone":"84919990077","msg":"login failed"
"time":"2026-02-04T02:27:55.637Z","logId":76,"phone":"84919990055","msg":"login failed"
"time":"2026-02-04T02:27:55.655Z","logId":76,"phone":"84919990022","msg":"login failed"
"time":"2026-02-04T02:27:55.670Z","logId":76,"phone":"84919990021","msg":"login failed"
"time":"2026-02-04T02:27:55.685Z","logId":76,"phone":"84919990020","msg":"login failed"
"time":"2026-02-04T02:27:55.706Z","logId":76,"phone":"84919990019","msg":"login failed"
"time":"2026-02-04T02:27:55.723Z","logId":76,"phone":"84919990017","msg":"login failed"
"time":"2026-02-04T02:27:55.741Z","logId":76,"phone":"84919990016","msg":"login failed"
"time":"2026-02-04T02:27:55.756Z","logId":76,"phone":"84919990015","msg":"login failed"
"time":"2026-02-04T02:27:55.773Z","logId":76,"phone":"84919990014","msg":"login failed"
"time":"2026-02-04T02:27:55.788Z","logId":76,"phone":"84919990012","msg":"login failed"
"time":"2026-02-04T02:27:55.807Z","logId":76,"phone":"84919990011","msg":"login failed"
"time":"2026-02-04T02:27:55.823Z","logId":76,"phone":"84918889900","msg":"login failed"
"time":"2026-02-04T02:27:55.842Z","logId":76,"phone":"84909990011","msg":"login failed"
"time":"2026-02-04T02:27:55.860Z","logId":76,"phone":"84908889900","msg":"login failed"
"time":"2026-02-04T02:27:55.878Z","logId":76,"phone":"84901112233","msg":"login failed"
"time":"2026-02-04T02:27:55.895Z","logId":76,"phone":"84909876543","msg":"login failed"
"time":"2026-02-04T02:27:55.909Z","logId":76,"phone":"84923456789","msg":"login failed"
"time":"2026-02-04T02:27:55.922Z","logId":76,"phone":"84945678901","msg":"login failed"
"time":"2026-02-04T02:27:55.935Z","logId":76,"phone":"84912345678","msg":"login failed"
"time":"2026-02-04T02:27:55.948Z","logId":76,"phone":"84987654321","msg":"login failed"
"time":"2026-02-04T02:27:55.963Z","logId":76,"phone":"84901234567","msg":"login failed"
"time":"2026-02-04T02:27:55.973Z","logId":76,"msg":"JOB_DONE"
"time":"2026-02-04T02:28:00.771Z","logId":76,"msg":"JOB_START"
"time":"2026-02-04T02:28:00.830Z","logId":76,"phone":"8461493196","deviceId":"e6e88dc5-2cc4-4dc3-a5d9-13e5bbb2946f","err":"Số điện thoại đang trong phiên đăng ký ở thiết bị khác","msg":"REGISTER_FAIL"
"time":"2026-02-04T02:28:00.844Z","logId":76,"phone":"84919990078","msg":"login failed"
"time":"2026-02-04T02:28:00.859Z","logId":76,"phone":"84919990077","msg":"login failed"
"time":"2026-02-04T02:28:00.874Z","logId":76,"phone":"84919990055","msg":"login failed"
"time":"2026-02-04T02:28:00.891Z","logId":76,"phone":"84919990022","msg":"login failed"
"time":"2026-02-04T02:28:00.906Z","logId":76,"phone":"84919990021","msg":"login failed"
"time":"2026-02-04T02:28:00.922Z","logId":76,"phone":"84919990020","msg":"login failed"
"time":"2026-02-04T02:28:00.938Z","logId":76,"phone":"84919990019","msg":"login failed"
"time":"2026-02-04T02:28:00.953Z","logId":76,"phone":"84919990017","msg":"login failed"
"time":"2026-02-04T02:28:00.967Z","logId":76,"phone":"84919990016","msg":"login failed"
"time":"2026-02-04T02:28:00.982Z","logId":76,"phone":"84919990015","msg":"login failed"
"time":"2026-02-04T02:28:00.995Z","logId":76,"phone":"84919990014","msg":"login failed"
"time":"2026-02-04T02:28:01.009Z","logId":76,"phone":"84919990012","msg":"login failed"
"time":"2026-02-04T02:28:01.024Z","logId":76,"phone":"84919990011","msg":"login failed"
"time":"2026-02-04T02:28:01.040Z","logId":76,"phone":"84918889900","msg":"login failed"
"time":"2026-02-04T02:28:01.057Z","logId":76,"phone":"84909990011","msg":"login failed"
"time":"2026-02-04T02:28:01.071Z","logId":76,"phone":"84908889900","msg":"login failed"
"time":"2026-02-04T02:28:01.086Z","logId":76,"phone":"84901112233","msg":"login failed"
"time":"2026-02-04T02:28:01.101Z","logId":76,"phone":"84909876543","msg":"login failed"
"time":"2026-02-04T02:28:01.115Z","logId":76,"phone":"84923456789","msg":"login failed"
"time":"2026-02-04T02:28:01.130Z","logId":76,"phone":"84945678901","msg":"login failed"
"time":"2026-02-04T02:28:01.144Z","logId":76,"phone":"84912345678","msg":"login failed"
"time":"2026-02-04T02:28:01.159Z","logId":76,"phone":"84987654321","msg":"login failed"
"time":"2026-02-04T02:28:01.173Z","logId":76,"phone":"84901234567","msg":"login failed"
"time":"2026-02-04T02:28:01.183Z","logId":76,"msg":"JOB_DONE"
"time":"2026-02-04T02:29:31.175Z","logId":76,"msg":"JOB_START"
"time":"2026-02-04T02:29:31.238Z","logId":76,"phone":"8461493196","deviceId":"c2a1e4a4-60d4-48cc-bd0b-715e89385324","err":"Số điện thoại đang trong phiên đăng ký ở thiết bị khác","msg":"REGISTER_FAIL"
"time":"2026-02-04T02:29:31.253Z","logId":76,"phone":"84919990078","msg":"login failed"
"time":"2026-02-04T02:29:31.267Z","logId":76,"phone":"84919990077","msg":"login failed"
"time":"2026-02-04T02:29:31.280Z","logId":76,"phone":"84919990055","msg":"login failed"
"time":"2026-02-04T02:29:31.293Z","logId":76,"phone":"84919990022","msg":"login failed"
"time":"2026-02-04T02:29:31.308Z","logId":76,"phone":"84919990021","msg":"login failed"
"time":"2026-02-04T02:29:31.322Z","logId":76,"phone":"84919990020","msg":"login failed"
"time":"2026-02-04T02:29:31.337Z","logId":76,"phone":"84919990019","msg":"login failed"
"time":"2026-02-04T02:29:31.350Z","logId":76,"phone":"84919990017","msg":"login failed"
"time":"2026-02-04T02:29:31.365Z","logId":76,"phone":"84919990016","msg":"login failed"
"time":"2026-02-04T02:29:31.377Z","logId":76,"phone":"84919990015","msg":"login failed"
"time":"2026-02-04T02:29:31.391Z","logId":76,"phone":"84919990014","msg":"login failed"
"time":"2026-02-04T02:29:31.404Z","logId":76,"phone":"84919990012","msg":"login failed"
"time":"2026-02-04T02:29:31.416Z","logId":76,"phone":"84919990011","msg":"login failed"
"time":"2026-02-04T02:29:31.431Z","logId":76,"phone":"84918889900","msg":"login failed"
"time":"2026-02-04T02:29:31.446Z","logId":76,"phone":"84909990011","msg":"login failed"
"time":"2026-02-04T02:29:31.461Z","logId":76,"phone":"84908889900","msg":"login failed"
"time":"2026-02-04T02:29:31.476Z","logId":76,"phone":"84901112233","msg":"login failed"
"time":"2026-02-04T02:29:31.491Z","logId":76,"phone":"84909876543","msg":"login failed"
"time":"2026-02-04T02:29:31.505Z","logId":76,"phone":"84923456789","msg":"login failed"
"time":"2026-02-04T02:29:31.518Z","logId":76,"phone":"84945678901","msg":"login failed"
"time":"2026-02-04T02:29:31.531Z","logId":76,"phone":"84912345678","msg":"login failed"
"time":"2026-02-04T02:29:31.543Z","logId":76,"phone":"84987654321","msg":"login failed"
"time":"2026-02-04T02:29:31.557Z","logId":76,"phone":"84901234567","msg":"login failed"
"time":"2026-02-04T02:29:31.567Z","logId":76,"msg":"JOB_DONE"
"time":"2026-02-04T02:34:51.889Z","logId":76,"msg":"JOB_START"
"time":"2026-02-04T02:34:52.012Z","logId":76,"phone":"8461493196","deviceId":"d947ce85-3bf9-4b07-94b4-8253dcd7fc54","err":"The client is closed","msg":"REGISTER_EXCEPTION"
"time":"2026-02-04T02:34:52.030Z","logId":76,"phone":"84919990078","msg":"login failed"
"time":"2026-02-04T02:34:52.048Z","logId":76,"phone":"84919990077","msg":"login failed"
"time":"2026-02-04T02:34:52.062Z","logId":76,"phone":"84919990055","msg":"login failed"
"time":"2026-02-04T02:34:52.076Z","logId":76,"phone":"84919990022","msg":"login failed"
"time":"2026-02-04T02:34:52.089Z","logId":76,"phone":"84919990021","msg":"login failed"
"time":"2026-02-04T02:34:52.104Z","logId":76,"phone":"84919990020","msg":"login failed"
"time":"2026-02-04T02:34:52.117Z","logId":76,"phone":"84919990019","msg":"login failed"
"time":"2026-02-04T02:34:52.130Z","logId":76,"phone":"84919990017","msg":"login failed"
"time":"2026-02-04T02:34:52.144Z","logId":76,"phone":"84919990016","msg":"login failed"
"time":"2026-02-04T02:34:52.158Z","logId":76,"phone":"84919990015","msg":"login failed"
"time":"2026-02-04T02:34:52.172Z","logId":76,"phone":"84919990014","msg":"login failed"
"time":"2026-02-04T02:34:52.183Z","logId":76,"phone":"84919990012","msg":"login failed"
"time":"2026-02-04T02:34:52.198Z","logId":76,"phone":"84919990011","msg":"login failed"
"time":"2026-02-04T02:34:52.212Z","logId":76,"phone":"84918889900","msg":"login failed"
"time":"2026-02-04T02:34:52.227Z","logId":76,"phone":"84909990011","msg":"login failed"
"time":"2026-02-04T02:34:52.243Z","logId":76,"phone":"84908889900","msg":"login failed"
"time":"2026-02-04T02:34:52.256Z","logId":76,"phone":"84901112233","msg":"login failed"
"time":"2026-02-04T02:34:52.269Z","logId":76,"phone":"84909876543","msg":"login failed"
"time":"2026-02-04T02:34:52.282Z","logId":76,"phone":"84923456789","msg":"login failed"
"time":"2026-02-04T02:34:52.295Z","logId":76,"phone":"84945678901","msg":"login failed"
"time":"2026-02-04T02:34:52.307Z","logId":76,"phone":"84912345678","msg":"login failed"
"time":"2026-02-04T02:34:52.322Z","logId":76,"phone":"84987654321","msg":"login failed"
"time":"2026-02-04T02:34:52.334Z","logId":76,"phone":"84901234567","msg":"login failed"
"time":"2026-02-04T02:34:52.343Z","logId":76,"msg":"JOB_DONE"
"time":"2026-02-04T02:35:52.360Z","logId":76,"msg":"JOB_START"
"time":"2026-02-04T02:35:52.398Z","logId":76,"phone":"8461493196","deviceId":"e7aea98a-316b-4724-a6ee-9b5d5c644ba4","err":"Số điện thoại đang trong phiên đăng ký ở thiết bị khác","msg":"REGISTER_FAIL"
"time":"2026-02-04T02:35:52.411Z","logId":76,"phone":"84919990078","msg":"login failed"
"time":"2026-02-04T02:35:52.430Z","logId":76,"phone":"84919990077","msg":"login failed"
"time":"2026-02-04T02:35:52.448Z","logId":76,"phone":"84919990055","msg":"login failed"
"time":"2026-02-04T02:35:52.463Z","logId":76,"phone":"84919990022","msg":"login failed"
"time":"2026-02-04T02:35:52.480Z","logId":76,"phone":"84919990021","msg":"login failed"
"time":"2026-02-04T02:35:52.497Z","logId":76,"phone":"84919990020","msg":"login failed"
"time":"2026-02-04T02:35:52.512Z","logId":76,"phone":"84919990019","msg":"login failed"
"time":"2026-02-04T02:35:52.529Z","logId":76,"phone":"84919990017","msg":"login failed"
"time":"2026-02-04T02:35:52.542Z","logId":76,"phone":"84919990016","msg":"login failed"
"time":"2026-02-04T02:35:52.555Z","logId":76,"phone":"84919990015","msg":"login failed"
"time":"2026-02-04T02:35:52.567Z","logId":76,"phone":"84919990014","msg":"login failed"
"time":"2026-02-04T02:35:52.580Z","logId":76,"phone":"84919990012","msg":"login failed"
"time":"2026-02-04T02:35:52.596Z","logId":76,"phone":"84919990011","msg":"login failed"
"time":"2026-02-04T02:35:52.610Z","logId":76,"phone":"84918889900","msg":"login failed"
"time":"2026-02-04T02:35:52.624Z","logId":76,"phone":"84909990011","msg":"login failed"
"time":"2026-02-04T02:35:52.638Z","logId":76,"phone":"84908889900","msg":"login failed"
"time":"2026-02-04T02:35:52.653Z","logId":76,"phone":"84901112233","msg":"login failed"
"time":"2026-02-04T02:35:52.666Z","logId":76,"phone":"84909876543","msg":"login failed"
"time":"2026-02-04T02:35:52.681Z","logId":76,"phone":"84923456789","msg":"login failed"
"time":"2026-02-04T02:35:52.694Z","logId":76,"phone":"84945678901","msg":"login failed"
"time":"2026-02-04T02:35:52.709Z","logId":76,"phone":"84912345678","msg":"login failed"
"time":"2026-02-04T02:35:52.728Z","logId":76,"phone":"84987654321","msg":"login failed"
"time":"2026-02-04T02:35:52.741Z","logId":76,"phone":"84901234567","msg":"login failed"
"time":"2026-02-04T02:35:52.751Z","logId":76,"msg":"JOB_DONE"
"time":"2026-02-04T02:36:52.364Z","logId":76,"msg":"JOB_START"
"time":"2026-02-04T02:36:52.396Z","logId":76,"phone":"8461493196","deviceId":"9413bd64-ce7f-4c19-9f5c-1e47e315c516","err":"Số điện thoại đang trong phiên đăng ký ở thiết bị khác","msg":"REGISTER_FAIL"
"time":"2026-02-04T02:36:52.406Z","logId":76,"phone":"84919990078","msg":"login failed"
"time":"2026-02-04T02:36:52.422Z","logId":76,"phone":"84919990077","msg":"login failed"
"time":"2026-02-04T02:36:52.435Z","logId":76,"phone":"84919990055","msg":"login failed"
"time":"2026-02-04T02:36:52.451Z","logId":76,"phone":"84919990022","msg":"login failed"
"time":"2026-02-04T02:36:52.466Z","logId":76,"phone":"84919990021","msg":"login failed"
"time":"2026-02-04T02:36:52.479Z","logId":76,"phone":"84919990020","msg":"login failed"
"time":"2026-02-04T02:36:52.492Z","logId":76,"phone":"84919990019","msg":"login failed"
"time":"2026-02-04T02:36:52.507Z","logId":76,"phone":"84919990017","msg":"login failed"
"time":"2026-02-04T02:36:52.520Z","logId":76,"phone":"84919990016","msg":"login failed"
"time":"2026-02-04T02:36:52.535Z","logId":76,"phone":"84919990015","msg":"login failed"
"time":"2026-02-04T02:36:52.548Z","logId":76,"phone":"84919990014","msg":"login failed"
"time":"2026-02-04T02:36:52.562Z","logId":76,"phone":"84919990012","msg":"login failed"
"time":"2026-02-04T02:36:52.576Z","logId":76,"phone":"84919990011","msg":"login failed"
"time":"2026-02-04T02:36:52.589Z","logId":76,"phone":"84918889900","msg":"login failed"
"time":"2026-02-04T02:36:52.604Z","logId":76,"phone":"84909990011","msg":"login failed"
"time":"2026-02-04T02:36:52.617Z","logId":76,"phone":"84908889900","msg":"login failed"
"time":"2026-02-04T02:36:52.632Z","logId":76,"phone":"84901112233","msg":"login failed"
"time":"2026-02-04T02:36:52.644Z","logId":76,"phone":"84909876543","msg":"login failed"
"time":"2026-02-04T02:36:52.656Z","logId":76,"phone":"84923456789","msg":"login failed"
"time":"2026-02-04T02:36:52.668Z","logId":76,"phone":"84945678901","msg":"login failed"
"time":"2026-02-04T02:36:52.681Z","logId":76,"phone":"84912345678","msg":"login failed"
"time":"2026-02-04T02:36:52.693Z","logId":76,"phone":"84987654321","msg":"login failed"
"time":"2026-02-04T02:36:52.706Z","logId":76,"phone":"84901234567","msg":"login failed"
"time":"2026-02-04T02:36:52.715Z","logId":76,"msg":"JOB_DONE"
